Arguments: 
  /usr/local/bin/node /opt/homebrew/Cellar/yarn/1.22.19/libexec/bin/yarn.js build

PATH: 
  /opt/homebrew/bin:/opt/homebrew/bin:/usr/local/bin:/System/Cryptexes/App/usr/bin:/usr/bin:/bin:/usr/sbin:/sbin:/usr/local/go/bin:/Library/Apple/usr/bin:/Users/curtischong/.cargo/bin:/Users/curtischong/.foundry/bin

Yarn version: 
  1.22.19

Node version: 
  18.16.0

Platform: 
  darwin arm64

Trace: 
  SyntaxError: /Users/curtischong/Documents/dev/mc-on-chain/packages/simulator-client/package.json: Unexpected token } in JSON at position 189
      at JSON.parse (<anonymous>)
      at /opt/homebrew/Cellar/yarn/1.22.19/libexec/lib/cli.js:1629:59
      at Generator.next (<anonymous>)
      at step (/opt/homebrew/Cellar/yarn/1.22.19/libexec/lib/cli.js:310:30)
      at /opt/homebrew/Cellar/yarn/1.22.19/libexec/lib/cli.js:321:13

npm manifest: 
  {
    "name": "simulator-client",
    "version": "1.0.0",
    "main": "index.js",
    "license": "MIT",
    "scripts": {
      "build": "parcel build",
      "dev": "yarn build && node dist/index.js",
    },
    "dependencies": {
      "@latticexyz/recs": "^1.43.0",
      "@latticexyz/std-client": "^1.43.0"
    }
  }

yarn manifest: 
  No manifest

Lockfile: 
  # THIS IS AN AUTOGENERATED FILE. DO NOT EDIT THIS FILE DIRECTLY.
  # yarn lockfile v1
  
  
  "@latticexyz/recs@^1.43.0":
    version "1.43.0"
    resolved "https://registry.yarnpkg.com/@latticexyz/recs/-/recs-1.43.0.tgz#51d8bb0d164ef3c79b86bb8201870177d2eab91b"
    integrity sha512-rWCtFeqeoPYT+hsu1whd47cVSvRtOrBe1tGngqxZdiYnLx1bbj5rW9xXzS1Vg+8PgLeX034yZCoV+RjcaGIRPg==
  
  "@latticexyz/std-client@^1.43.0":
    version "1.43.0"
    resolved "https://registry.yarnpkg.com/@latticexyz/std-client/-/std-client-1.43.0.tgz#85a2a08e2f6e4d95bcb0e0d52dd7529591bb3747"
    integrity sha512-DYM3FPgfdwpU7FsX+ZYDWJ+J7Sg598QRrhOqsfaf4aicsRfsiKJpk78JM8+3BC6V97p0sxMR4aMQsibZDzS3TQ==
